# JRE version: Java(TM) SE Runtime Environment (8.0_351-b10) (build 1.8.0_351-b10)
# Java VM: Java HotSpot(TM) 64-Bit Server VM (25.351-b10 mixed mode windows-amd64 compressed oops)
Heap:
 PSYoungGen      total 151040K, used 107927K [0x000000076b800000, 0x0000000777000000, 0x00000007c0000000)
  eden space 139264K, 69% used [0x000000076b800000,0x00000007715e88b8,0x0000000774000000)
  from space 11776K, 99% used [0x0000000776480000,0x0000000776ffd5f0,0x0000000777000000)
  to   space 13824K, 0% used [0x0000000775500000,0x0000000775500000,0x0000000776280000)
 ParOldGen       total 158208K, used 16414K [0x00000006c2800000, 0x00000006cc280000, 0x000000076b800000)
  object space 158208K, 10% used [0x00000006c2800000,0x00000006c38079c8,0x00000006cc280000)
 Metaspace       used 44458K, capacity 47510K, committed 47872K, reserved 1091584K
  class space    used 5705K, capacity 6286K, committed 6400K, reserved 1048576K
GC Heap History (10 events):
Event: 1.818 GC heap before
{Heap before GC invocations=4 (full 1):
 PSYoungGen      total 75776K, used 65024K [0x000000076b800000, 0x0000000774c00000, 0x00000007c0000000)
  eden space 65024K, 100% used [0x000000076b800000,0x000000076f780000,0x000000076f780000)
  from space 10752K, 0% used [0x0000000770200000,0x0000000770200000,0x0000000770c80000)
  to   space 10752K, 0% used [0x000000076f780000,0x000000076f780000,0x0000000770200000)
 ParOldGen       total 104448K, used 11140K [0x00000006c2800000, 0x00000006c8e00000, 0x000000076b800000)
  object space 104448K, 10% used [0x00000006c2800000,0x00000006c32e13f8,0x00000006c8e00000)
 Metaspace       used 25155K, capacity 26948K, committed 27136K, reserved 1073152K
  class space    used 3455K, capacity 3814K, committed 3840K, reserved 1048576K
Event: 1.822 GC heap after
Heap after GC invocations=4 (full 1):
 PSYoungGen      total 75776K, used 7871K [0x000000076b800000, 0x0000000772f00000, 0x00000007c0000000)
  eden space 65024K, 0% used [0x000000076b800000,0x000000076b800000,0x000000076f780000)
  from space 10752K, 73% used [0x000000076f780000,0x000000076ff2fdd8,0x0000000770200000)
  to   space 10752K, 0% used [0x0000000772480000,0x0000000772480000,0x0000000772f00000)
 ParOldGen       total 104448K, used 11148K [0x00000006c2800000, 0x00000006c8e00000, 0x000000076b800000)
  object space 104448K, 10% used [0x00000006c2800000,0x00000006c32e33f8,0x00000006c8e00000)
 Metaspace       used 25155K, capacity 26948K, committed 27136K, reserved 1073152K
  class space    used 3455K, capacity 3814K, committed 3840K, reserved 1048576K
}
Event: 2.162 GC heap before
{Heap before GC invocations=5 (full 1):
 PSYoungGen      total 75776K, used 72895K [0x000000076b800000, 0x0000000772f00000, 0x00000007c0000000)
  eden space 65024K, 100% used [0x000000076b800000,0x000000076f780000,0x000000076f780000)
  from space 10752K, 73% used [0x000000076f780000,0x000000076ff2fdd8,0x0000000770200000)
  to   space 10752K, 0% used [0x0000000772480000,0x0000000772480000,0x0000000772f00000)
 ParOldGen       total 104448K, used 11148K [0x00000006c2800000, 0x00000006c8e00000, 0x000000076b800000)
  object space 104448K, 10% used [0x00000006c2800000,0x00000006c32e33f8,0x00000006c8e00000)
 Metaspace       used 31121K, capacity 33180K, committed 33280K, reserved 1077248K
  class space    used 4209K, capacity 4592K, committed 4608K, reserved 1048576K
Event: 2.171 GC heap after
Heap after GC invocations=5 (full 1):
 PSYoungGen      total 111104K, used 8961K [0x000000076b800000, 0x0000000773000000, 0x00000007c0000000)
  eden space 100352K, 0% used [0x000000076b800000,0x000000076b800000,0x0000000771a00000)
  from space 10752K, 83% used [0x0000000772480000,0x0000000772d40690,0x0000000772f00000)
  to   space 10752K, 0% used [0x0000000771a00000,0x0000000771a00000,0x0000000772480000)
 ParOldGen       total 104448K, used 11221K [0x00000006c2800000, 0x00000006c8e00000, 0x000000076b800000)
  object space 104448K, 10% used [0x00000006c2800000,0x00000006c32f5408,0x00000006c8e00000)
 Metaspace       used 31121K, capacity 33180K, committed 33280K, reserved 1077248K
  class space    used 4209K, capacity 4592K, committed 4608K, reserved 1048576K
}
Event: 2.368 GC heap before
{Heap before GC invocations=6 (full 1):
 PSYoungGen      total 111104K, used 76199K [0x000000076b800000, 0x0000000773000000, 0x00000007c0000000)
  eden space 100352K, 67% used [0x000000076b800000,0x000000076f9a9740,0x0000000771a00000)
  from space 10752K, 83% used [0x0000000772480000,0x0000000772d40690,0x0000000772f00000)
  to   space 10752K, 0% used [0x0000000771a00000,0x0000000771a00000,0x0000000772480000)
 ParOldGen       total 104448K, used 11221K [0x00000006c2800000, 0x00000006c8e00000, 0x000000076b800000)
  object space 104448K, 10% used [0x00000006c2800000,0x00000006c32f5408,0x00000006c8e00000)
 Metaspace       used 33137K, capacity 35361K, committed 35496K, reserved 1079296K
  class space    used 4465K, capacity 4864K, committed 4864K, reserved 1048576K
Event: 2.378 GC heap after
Heap after GC invocations=6 (full 1):
 PSYoungGen      total 111104K, used 9475K [0x000000076b800000, 0x0000000777000000, 0x00000007c0000000)
  eden space 100352K, 0% used [0x000000076b800000,0x000000076b800000,0x0000000771a00000)
  from space 10752K, 88% used [0x0000000771a00000,0x0000000772340ca8,0x0000000772480000)
  to   space 11776K, 0% used [0x0000000776480000,0x0000000776480000,0x0000000777000000)
 ParOldGen       total 104448K, used 11229K [0x00000006c2800000, 0x00000006c8e00000, 0x000000076b800000)
  object space 104448K, 10% used [0x00000006c2800000,0x00000006c32f7408,0x00000006c8e00000)
 Metaspace       used 33137K, capacity 35361K, committed 35496K, reserved 1079296K
  class space    used 4465K, capacity 4864K, committed 4864K, reserved 1048576K
}
Event: 2.378 GC heap before
{Heap before GC invocations=7 (full 2):
 PSYoungGen      total 111104K, used 9475K [0x000000076b800000, 0x0000000777000000, 0x00000007c0000000)
  eden space 100352K, 0% used [0x000000076b800000,0x000000076b800000,0x0000000771a00000)
  from space 10752K, 88% used [0x0000000771a00000,0x0000000772340ca8,0x0000000772480000)
  to   space 11776K, 0% used [0x0000000776480000,0x0000000776480000,0x0000000777000000)
 ParOldGen       total 104448K, used 11229K [0x00000006c2800000, 0x00000006c8e00000, 0x000000076b800000)
  object space 104448K, 10% used [0x00000006c2800000,0x00000006c32f7408,0x00000006c8e00000)
 Metaspace       used 33137K, capacity 35361K, committed 35496K, reserved 1079296K
  class space    used 4465K, capacity 4864K, committed 4864K, reserved 1048576K
Event: 2.427 GC heap after
Heap after GC invocations=7 (full 2):
 PSYoungGen      total 111104K, used 0K [0x000000076b800000, 0x0000000777000000, 0x00000007c0000000)
  eden space 100352K, 0% used [0x000000076b800000,0x000000076b800000,0x0000000771a00000)
  from space 10752K, 0% used [0x0000000771a00000,0x0000000771a00000,0x0000000772480000)
  to   space 11776K, 0% used [0x0000000776480000,0x0000000776480000,0x0000000777000000)
 ParOldGen       total 158208K, used 14925K [0x00000006c2800000, 0x00000006cc280000, 0x000000076b800000)
  object space 158208K, 9% used [0x00000006c2800000,0x00000006c3693450,0x00000006cc280000)
 Metaspace       used 33137K, capacity 35361K, committed 35496K, reserved 1079296K
  class space    used 4465K, capacity 4864K, committed 4864K, reserved 1048576K
}
Event: 24.538 GC heap before
{Heap before GC invocations=8 (full 2):
 PSYoungGen      total 111104K, used 100352K [0x000000076b800000, 0x0000000777000000, 0x00000007c0000000)
  eden space 100352K, 100% used [0x000000076b800000,0x0000000771a00000,0x0000000771a00000)
  from space 10752K, 0% used [0x0000000771a00000,0x0000000771a00000,0x0000000772480000)
  to   space 11776K, 0% used [0x0000000776480000,0x0000000776480000,0x0000000777000000)
 ParOldGen       total 158208K, used 14925K [0x00000006c2800000, 0x00000006cc280000, 0x000000076b800000)
  object space 158208K, 9% used [0x00000006c2800000,0x00000006c3693450,0x00000006cc280000)
 Metaspace       used 44055K, capacity 46930K, committed 47232K, reserved 1089536K
  class space    used 5674K, capacity 6214K, committed 6272K, reserved 1048576K
Event: 24.545 GC heap after
Heap after GC invocations=8 (full 2):
 PSYoungGen      total 151040K, used 11765K [0x000000076b800000, 0x0000000777000000, 0x00000007c0000000)
  eden space 139264K, 0% used [0x000000076b800000,0x000000076b800000,0x0000000774000000)
  from space 11776K, 99% used [0x0000000776480000,0x0000000776ffd5f0,0x0000000777000000)
  to   space 13824K, 0% used [0x0000000775500000,0x0000000775500000,0x0000000776280000)
 ParOldGen       total 158208K, used 16414K [0x00000006c2800000, 0x00000006cc280000, 0x000000076b800000)
  object space 158208K, 10% used [0x00000006c2800000,0x00000006c38079c8,0x00000006cc280000)
 Metaspace       used 44055K, capacity 46930K, committed 47232K, reserved 1089536K
  class space    used 5674K, capacity 6214K, committed 6272K, reserved 1048576K
}

