# JRE version: Java(TM) SE Runtime Environment (8.0_351-b10) (build 1.8.0_351-b10)
# Java VM: Java HotSpot(TM) 64-Bit Server VM (25.351-b10 mixed mode windows-amd64 compressed oops)
Heap:
 PSYoungGen      total 109568K, used 98816K [0x000000076b800000, 0x0000000776880000, 0x00000007c0000000)
  eden space 98816K, 100% used [0x000000076b800000,0x0000000771880000,0x0000000771880000)
  from space 10752K, 0% used [0x0000000771880000,0x0000000771880000,0x0000000772300000)
  to   space 10752K, 53% used [0x0000000775e00000,0x0000000776395a00,0x0000000776880000)
 ParOldGen       total 170496K, used 27190K [0x00000006c2800000, 0x00000006cce80000, 0x000000076b800000)
  object space 170496K, 15% used [0x00000006c2800000,0x00000006c428d9c0,0x00000006cce80000)
 Metaspace       used 43115K, capacity 45864K, committed 46080K, reserved 1089536K
  class space    used 5619K, capacity 6139K, committed 6144K, reserved 1048576K
GC Heap History (10 events):
Event: 1.943 GC heap after
Heap after GC invocations=3 (full 1):
 PSYoungGen      total 75776K, used 0K [0x000000076b800000, 0x0000000774c00000, 0x00000007c0000000)
  eden space 65024K, 0% used [0x000000076b800000,0x000000076b800000,0x000000076f780000)
  from space 10752K, 0% used [0x0000000770200000,0x0000000770200000,0x0000000770c80000)
  to   space 10752K, 0% used [0x000000076f780000,0x000000076f780000,0x0000000770200000)
 ParOldGen       total 104448K, used 10329K [0x00000006c2800000, 0x00000006c8e00000, 0x000000076b800000)
  object space 104448K, 9% used [0x00000006c2800000,0x00000006c3216700,0x00000006c8e00000)
 Metaspace       used 20258K, capacity 21206K, committed 21296K, reserved 1067008K
  class space    used 2671K, capacity 2895K, committed 2944K, reserved 1048576K
}
Event: 2.359 GC heap before
{Heap before GC invocations=4 (full 1):
 PSYoungGen      total 75776K, used 65024K [0x000000076b800000, 0x0000000774c00000, 0x00000007c0000000)
  eden space 65024K, 100% used [0x000000076b800000,0x000000076f780000,0x000000076f780000)
  from space 10752K, 0% used [0x0000000770200000,0x0000000770200000,0x0000000770c80000)
  to   space 10752K, 0% used [0x000000076f780000,0x000000076f780000,0x0000000770200000)
 ParOldGen       total 104448K, used 10329K [0x00000006c2800000, 0x00000006c8e00000, 0x000000076b800000)
  object space 104448K, 9% used [0x00000006c2800000,0x00000006c3216700,0x00000006c8e00000)
 Metaspace       used 24699K, capacity 26456K, committed 26624K, reserved 1073152K
  class space    used 3389K, capacity 3742K, committed 3840K, reserved 1048576K
Event: 2.361 GC heap after
Heap after GC invocations=4 (full 1):
 PSYoungGen      total 75776K, used 7825K [0x000000076b800000, 0x0000000772d80000, 0x00000007c0000000)
  eden space 65024K, 0% used [0x000000076b800000,0x000000076b800000,0x000000076f780000)
  from space 10752K, 72% used [0x000000076f780000,0x000000076ff24630,0x0000000770200000)
  to   space 10752K, 0% used [0x0000000772300000,0x0000000772300000,0x0000000772d80000)
 ParOldGen       total 104448K, used 10337K [0x00000006c2800000, 0x00000006c8e00000, 0x000000076b800000)
  object space 104448K, 9% used [0x00000006c2800000,0x00000006c3218700,0x00000006c8e00000)
 Metaspace       used 24699K, capacity 26456K, committed 26624K, reserved 1073152K
  class space    used 3389K, capacity 3742K, committed 3840K, reserved 1048576K
}
Event: 2.819 GC heap before
{Heap before GC invocations=5 (full 1):
 PSYoungGen      total 75776K, used 72849K [0x000000076b800000, 0x0000000772d80000, 0x00000007c0000000)
  eden space 65024K, 100% used [0x000000076b800000,0x000000076f780000,0x000000076f780000)
  from space 10752K, 72% used [0x000000076f780000,0x000000076ff24630,0x0000000770200000)
  to   space 10752K, 0% used [0x0000000772300000,0x0000000772300000,0x0000000772d80000)
 ParOldGen       total 104448K, used 10337K [0x00000006c2800000, 0x00000006c8e00000, 0x000000076b800000)
  object space 104448K, 9% used [0x00000006c2800000,0x00000006c3218700,0x00000006c8e00000)
 Metaspace       used 30987K, capacity 32954K, committed 33024K, reserved 1077248K
  class space    used 4197K, capacity 4559K, committed 4608K, reserved 1048576K
Event: 2.824 GC heap after
Heap after GC invocations=5 (full 1):
 PSYoungGen      total 109568K, used 9245K [0x000000076b800000, 0x0000000772e80000, 0x00000007c0000000)
  eden space 98816K, 0% used [0x000000076b800000,0x000000076b800000,0x0000000771880000)
  from space 10752K, 85% used [0x0000000772300000,0x0000000772c07668,0x0000000772d80000)
  to   space 10752K, 0% used [0x0000000771880000,0x0000000771880000,0x0000000772300000)
 ParOldGen       total 104448K, used 10409K [0x00000006c2800000, 0x00000006c8e00000, 0x000000076b800000)
  object space 104448K, 9% used [0x00000006c2800000,0x00000006c322a710,0x00000006c8e00000)
 Metaspace       used 30987K, capacity 32954K, committed 33024K, reserved 1077248K
  class space    used 4197K, capacity 4559K, committed 4608K, reserved 1048576K
}
Event: 3.016 GC heap before
{Heap before GC invocations=6 (full 1):
 PSYoungGen      total 109568K, used 58417K [0x000000076b800000, 0x0000000772e80000, 0x00000007c0000000)
  eden space 98816K, 49% used [0x000000076b800000,0x000000076e805090,0x0000000771880000)
  from space 10752K, 85% used [0x0000000772300000,0x0000000772c07668,0x0000000772d80000)
  to   space 10752K, 0% used [0x0000000771880000,0x0000000771880000,0x0000000772300000)
 ParOldGen       total 104448K, used 10409K [0x00000006c2800000, 0x00000006c8e00000, 0x000000076b800000)
  object space 104448K, 9% used [0x00000006c2800000,0x00000006c322a710,0x00000006c8e00000)
 Metaspace       used 33038K, capacity 35308K, committed 35456K, reserved 1079296K
  class space    used 4464K, capacity 4906K, committed 4992K, reserved 1048576K
Event: 3.021 GC heap after
Heap after GC invocations=6 (full 1):
 PSYoungGen      total 109568K, used 9422K [0x000000076b800000, 0x0000000776880000, 0x00000007c0000000)
  eden space 98816K, 0% used [0x000000076b800000,0x000000076b800000,0x0000000771880000)
  from space 10752K, 87% used [0x0000000771880000,0x00000007721b3840,0x0000000772300000)
  to   space 10752K, 0% used [0x0000000775e00000,0x0000000775e00000,0x0000000776880000)
 ParOldGen       total 104448K, used 10417K [0x00000006c2800000, 0x00000006c8e00000, 0x000000076b800000)
  object space 104448K, 9% used [0x00000006c2800000,0x00000006c322c710,0x00000006c8e00000)
 Metaspace       used 33038K, capacity 35308K, committed 35456K, reserved 1079296K
  class space    used 4464K, capacity 4906K, committed 4992K, reserved 1048576K
}
Event: 3.021 GC heap before
{Heap before GC invocations=7 (full 2):
 PSYoungGen      total 109568K, used 9422K [0x000000076b800000, 0x0000000776880000, 0x00000007c0000000)
  eden space 98816K, 0% used [0x000000076b800000,0x000000076b800000,0x0000000771880000)
  from space 10752K, 87% used [0x0000000771880000,0x00000007721b3840,0x0000000772300000)
  to   space 10752K, 0% used [0x0000000775e00000,0x0000000775e00000,0x0000000776880000)
 ParOldGen       total 104448K, used 10417K [0x00000006c2800000, 0x00000006c8e00000, 0x000000076b800000)
  object space 104448K, 9% used [0x00000006c2800000,0x00000006c322c710,0x00000006c8e00000)
 Metaspace       used 33038K, capacity 35308K, committed 35456K, reserved 1079296K
  class space    used 4464K, capacity 4906K, committed 4992K, reserved 1048576K
Event: 3.072 GC heap after
Heap after GC invocations=7 (full 2):
 PSYoungGen      total 109568K, used 0K [0x000000076b800000, 0x0000000776880000, 0x00000007c0000000)
  eden space 98816K, 0% used [0x000000076b800000,0x000000076b800000,0x0000000771880000)
  from space 10752K, 0% used [0x0000000771880000,0x0000000771880000,0x0000000772300000)
  to   space 10752K, 0% used [0x0000000775e00000,0x0000000775e00000,0x0000000776880000)
 ParOldGen       total 170496K, used 14766K [0x00000006c2800000, 0x00000006cce80000, 0x000000076b800000)
  object space 170496K, 8% used [0x00000006c2800000,0x00000006c366b9c0,0x00000006cce80000)
 Metaspace       used 33038K, capacity 35308K, committed 35456K, reserved 1079296K
  class space    used 4464K, capacity 4906K, committed 4992K, reserved 1048576K
}
Event: 1825.303 GC heap before
{Heap before GC invocations=8 (full 2):
 PSYoungGen      total 109568K, used 98816K [0x000000076b800000, 0x0000000776880000, 0x00000007c0000000)
  eden space 98816K, 100% used [0x000000076b800000,0x0000000771880000,0x0000000771880000)
  from space 10752K, 0% used [0x0000000771880000,0x0000000771880000,0x0000000772300000)
  to   space 10752K, 0% used [0x0000000775e00000,0x0000000775e00000,0x0000000776880000)
 ParOldGen       total 170496K, used 14766K [0x00000006c2800000, 0x00000006cce80000, 0x000000076b800000)
  object space 170496K, 8% used [0x00000006c2800000,0x00000006c366b9c0,0x00000006cce80000)
 Metaspace       used 43115K, capacity 45864K, committed 46080K, reserved 1089536K
  class space    used 5619K, capacity 6139K, committed 6144K, reserved 1048576K

